2023-12-23 00:44:40.856 [background-preinit] INFO  org.hibernate.validator.internal.util.Version - HV000001: Hibernate Validator 6.2.3.Final
2023-12-23 00:44:40.856 [main] INFO  c.x.questionnaire.QuestionnaireServiceApplication - Starting QuestionnaireServiceApplication using Java 1.8.0_362 on DESKTOP-IB0CDUP with PID 22316 (D:\project\questionnaire\questionnaire-service\target\classes started by 43542 in D:\project\questionnaire\questionnaire-service)
2023-12-23 00:44:40.859 [main] INFO  c.x.questionnaire.QuestionnaireServiceApplication - The following 1 profile is active: "local"
2023-12-23 00:44:41.308 [main] INFO  o.s.d.r.config.RepositoryConfigurationDelegate - Multiple Spring Data modules found, entering strict repository configuration mode!
2023-12-23 00:44:41.311 [main] INFO  o.s.d.r.config.RepositoryConfigurationDelegate - Bootstrapping Spring Data Redis repositories in DEFAULT mode.
2023-12-23 00:44:41.327 [main] INFO  o.s.d.r.config.RepositoryConfigurationDelegate - Finished Spring Data repository scanning in 8 ms. Found 0 Redis repository interfaces.
2023-12-23 00:44:41.524 [main] INFO  o.s.c.s.PostProcessorRegistrationDelegate$BeanPostProcessorChecker - Bean 'spring.datasource.dynamic-com.baomidou.dynamic.datasource.spring.boot.autoconfigure.DynamicDataSourceProperties' of type [com.baomidou.dynamic.datasource.spring.boot.autoconfigure.DynamicDataSourceProperties] is not eligible for getting processed by all BeanPostProcessors (for example: not eligible for auto-proxying)
2023-12-23 00:44:41.526 [main] INFO  o.s.c.s.PostProcessorRegistrationDelegate$BeanPostProcessorChecker - Bean 'com.baomidou.dynamic.datasource.spring.boot.autoconfigure.DynamicDataSourceAutoConfiguration' of type [com.baomidou.dynamic.datasource.spring.boot.autoconfigure.DynamicDataSourceAutoConfiguration$$EnhancerBySpringCGLIB$$53f7d5bd] is not eligible for getting processed by all BeanPostProcessors (for example: not eligible for auto-proxying)
2023-12-23 00:44:41.536 [main] INFO  o.s.c.s.PostProcessorRegistrationDelegate$BeanPostProcessorChecker - Bean 'dsProcessor' of type [com.baomidou.dynamic.datasource.processor.DsHeaderProcessor] is not eligible for getting processed by all BeanPostProcessors (for example: not eligible for auto-proxying)
2023-12-23 00:44:41.704 [main] INFO  o.s.boot.web.embedded.tomcat.TomcatWebServer - Tomcat initialized with port(s): 8090 (http)
2023-12-23 00:44:41.710 [main] INFO  org.apache.coyote.http11.Http11NioProtocol - Initializing ProtocolHandler ["http-nio-8090"]
2023-12-23 00:44:41.710 [main] INFO  org.apache.catalina.core.StandardService - Starting service [Tomcat]
2023-12-23 00:44:41.710 [main] INFO  org.apache.catalina.core.StandardEngine - Starting Servlet engine: [Apache Tomcat/9.0.62]
2023-12-23 00:44:41.792 [main] INFO  o.a.c.c.C.[Tomcat].[localhost].[/service] - Initializing Spring embedded WebApplicationContext
2023-12-23 00:44:41.792 [main] INFO  o.s.b.w.s.c.ServletWebServerApplicationContext - Root WebApplicationContext: initialization completed in 899 ms
2023-12-23 00:44:41.905 [main] INFO  com.zaxxer.hikari.HikariDataSource - master - Starting...
2023-12-23 00:44:42.112 [main] INFO  com.zaxxer.hikari.HikariDataSource - master - Start completed.
2023-12-23 00:44:42.112 [main] INFO  c.b.dynamic.datasource.DynamicRoutingDataSource - dynamic-datasource - add a datasource named [master] success
2023-12-23 00:44:42.112 [main] INFO  c.b.dynamic.datasource.DynamicRoutingDataSource - dynamic-datasource initial loaded [1] datasource,primary datasource named [master]
2023-12-23 00:44:44.081 [main] INFO  org.apache.coyote.http11.Http11NioProtocol - Starting ProtocolHandler ["http-nio-8090"]
2023-12-23 00:44:44.088 [main] INFO  o.s.boot.web.embedded.tomcat.TomcatWebServer - Tomcat started on port(s): 8090 (http) with context path '/service'
2023-12-23 00:44:44.096 [main] INFO  c.x.questionnaire.QuestionnaireServiceApplication - Started QuestionnaireServiceApplication in 3.575 seconds (JVM running for 4.377)
2023-12-23 00:44:59.774 [SpringApplicationShutdownHook] INFO  c.b.dynamic.datasource.DynamicRoutingDataSource - dynamic-datasource start closing ....
2023-12-23 00:44:59.774 [SpringApplicationShutdownHook] INFO  com.zaxxer.hikari.HikariDataSource - master - Shutdown initiated...
2023-12-23 00:44:59.778 [SpringApplicationShutdownHook] INFO  com.zaxxer.hikari.HikariDataSource - master - Shutdown completed.
2023-12-23 00:44:59.778 [SpringApplicationShutdownHook] INFO  c.b.dynamic.datasource.DynamicRoutingDataSource - dynamic-datasource all closed success,bye
2023-12-23 00:49:37.157 [background-preinit] INFO  org.hibernate.validator.internal.util.Version - HV000001: Hibernate Validator 6.2.3.Final
2023-12-23 00:49:37.160 [main] INFO  c.x.questionnaire.QuestionnaireServiceApplication - Starting QuestionnaireServiceApplication using Java 17.0.2 on DESKTOP-IB0CDUP with PID 29056 (D:\project\questionnaire\questionnaire-service\target\classes started by 43542 in D:\project\questionnaire\questionnaire-service)
2023-12-23 00:49:37.162 [main] INFO  c.x.questionnaire.QuestionnaireServiceApplication - The following 1 profile is active: "local"
2023-12-23 00:49:37.594 [main] INFO  o.s.d.r.config.RepositoryConfigurationDelegate - Multiple Spring Data modules found, entering strict repository configuration mode!
2023-12-23 00:49:37.596 [main] INFO  o.s.d.r.config.RepositoryConfigurationDelegate - Bootstrapping Spring Data Redis repositories in DEFAULT mode.
2023-12-23 00:49:37.612 [main] INFO  o.s.d.r.config.RepositoryConfigurationDelegate - Finished Spring Data repository scanning in 8 ms. Found 0 Redis repository interfaces.
2023-12-23 00:49:37.867 [main] INFO  o.s.c.s.PostProcessorRegistrationDelegate$BeanPostProcessorChecker - Bean 'spring.datasource.dynamic-com.baomidou.dynamic.datasource.spring.boot.autoconfigure.DynamicDataSourceProperties' of type [com.baomidou.dynamic.datasource.spring.boot.autoconfigure.DynamicDataSourceProperties] is not eligible for getting processed by all BeanPostProcessors (for example: not eligible for auto-proxying)
2023-12-23 00:49:37.869 [main] INFO  o.s.c.s.PostProcessorRegistrationDelegate$BeanPostProcessorChecker - Bean 'com.baomidou.dynamic.datasource.spring.boot.autoconfigure.DynamicDataSourceAutoConfiguration' of type [com.baomidou.dynamic.datasource.spring.boot.autoconfigure.DynamicDataSourceAutoConfiguration$$EnhancerBySpringCGLIB$$7a8a9c8e] is not eligible for getting processed by all BeanPostProcessors (for example: not eligible for auto-proxying)
2023-12-23 00:49:37.876 [main] INFO  o.s.c.s.PostProcessorRegistrationDelegate$BeanPostProcessorChecker - Bean 'dsProcessor' of type [com.baomidou.dynamic.datasource.processor.DsHeaderProcessor] is not eligible for getting processed by all BeanPostProcessors (for example: not eligible for auto-proxying)
2023-12-23 00:49:37.994 [main] INFO  o.s.boot.web.embedded.tomcat.TomcatWebServer - Tomcat initialized with port(s): 8090 (http)
2023-12-23 00:49:37.998 [main] INFO  org.apache.coyote.http11.Http11NioProtocol - Initializing ProtocolHandler ["http-nio-8090"]
2023-12-23 00:49:37.998 [main] INFO  org.apache.catalina.core.StandardService - Starting service [Tomcat]
2023-12-23 00:49:37.998 [main] INFO  org.apache.catalina.core.StandardEngine - Starting Servlet engine: [Apache Tomcat/9.0.62]
2023-12-23 00:49:38.068 [main] INFO  o.a.c.c.C.[Tomcat].[localhost].[/service] - Initializing Spring embedded WebApplicationContext
2023-12-23 00:49:38.068 [main] INFO  o.s.b.w.s.c.ServletWebServerApplicationContext - Root WebApplicationContext: initialization completed in 874 ms
2023-12-23 00:49:38.167 [main] INFO  com.zaxxer.hikari.HikariDataSource - master - Starting...
2023-12-23 00:49:38.335 [main] INFO  com.zaxxer.hikari.HikariDataSource - master - Start completed.
2023-12-23 00:49:38.335 [main] INFO  c.b.dynamic.datasource.DynamicRoutingDataSource - dynamic-datasource - add a datasource named [master] success
2023-12-23 00:49:38.336 [main] INFO  c.b.dynamic.datasource.DynamicRoutingDataSource - dynamic-datasource initial loaded [1] datasource,primary datasource named [master]
2023-12-23 00:49:39.985 [main] INFO  org.apache.coyote.http11.Http11NioProtocol - Starting ProtocolHandler ["http-nio-8090"]
2023-12-23 00:49:39.992 [main] INFO  o.s.boot.web.embedded.tomcat.TomcatWebServer - Tomcat started on port(s): 8090 (http) with context path '/service'
2023-12-23 00:49:40.002 [main] INFO  c.x.questionnaire.QuestionnaireServiceApplication - Started QuestionnaireServiceApplication in 3.161 seconds (JVM running for 3.613)
2023-12-23 00:49:45.245 [SpringApplicationShutdownHook] INFO  c.b.dynamic.datasource.DynamicRoutingDataSource - dynamic-datasource start closing ....
2023-12-23 00:49:45.246 [SpringApplicationShutdownHook] INFO  com.zaxxer.hikari.HikariDataSource - master - Shutdown initiated...
2023-12-23 00:49:45.250 [SpringApplicationShutdownHook] INFO  com.zaxxer.hikari.HikariDataSource - master - Shutdown completed.
2023-12-23 00:49:45.251 [SpringApplicationShutdownHook] INFO  c.b.dynamic.datasource.DynamicRoutingDataSource - dynamic-datasource all closed success,bye
2023-12-23 00:50:55.656 [background-preinit] INFO  org.hibernate.validator.internal.util.Version - HV000001: Hibernate Validator 6.2.3.Final
2023-12-23 00:50:55.660 [main] INFO  c.x.questionnaire.QuestionnaireServiceApplication - Starting QuestionnaireServiceApplication using Java 17.0.2 on DESKTOP-IB0CDUP with PID 4072 (D:\project\questionnaire\questionnaire-service\target\classes started by 43542 in D:\project\questionnaire\questionnaire-service)
2023-12-23 00:50:55.661 [main] INFO  c.x.questionnaire.QuestionnaireServiceApplication - The following 1 profile is active: "local"
2023-12-23 00:50:56.055 [main] INFO  o.s.d.r.config.RepositoryConfigurationDelegate - Multiple Spring Data modules found, entering strict repository configuration mode!
2023-12-23 00:50:56.057 [main] INFO  o.s.d.r.config.RepositoryConfigurationDelegate - Bootstrapping Spring Data Redis repositories in DEFAULT mode.
2023-12-23 00:50:56.072 [main] INFO  o.s.d.r.config.RepositoryConfigurationDelegate - Finished Spring Data repository scanning in 8 ms. Found 0 Redis repository interfaces.
2023-12-23 00:50:56.310 [main] INFO  o.s.c.s.PostProcessorRegistrationDelegate$BeanPostProcessorChecker - Bean 'spring.datasource.dynamic-com.baomidou.dynamic.datasource.spring.boot.autoconfigure.DynamicDataSourceProperties' of type [com.baomidou.dynamic.datasource.spring.boot.autoconfigure.DynamicDataSourceProperties] is not eligible for getting processed by all BeanPostProcessors (for example: not eligible for auto-proxying)
2023-12-23 00:50:56.311 [main] INFO  o.s.c.s.PostProcessorRegistrationDelegate$BeanPostProcessorChecker - Bean 'com.baomidou.dynamic.datasource.spring.boot.autoconfigure.DynamicDataSourceAutoConfiguration' of type [com.baomidou.dynamic.datasource.spring.boot.autoconfigure.DynamicDataSourceAutoConfiguration$$EnhancerBySpringCGLIB$$e932edc8] is not eligible for getting processed by all BeanPostProcessors (for example: not eligible for auto-proxying)
2023-12-23 00:50:56.320 [main] INFO  o.s.c.s.PostProcessorRegistrationDelegate$BeanPostProcessorChecker - Bean 'dsProcessor' of type [com.baomidou.dynamic.datasource.processor.DsHeaderProcessor] is not eligible for getting processed by all BeanPostProcessors (for example: not eligible for auto-proxying)
2023-12-23 00:50:56.442 [main] INFO  o.s.boot.web.embedded.tomcat.TomcatWebServer - Tomcat initialized with port(s): 8090 (http)
2023-12-23 00:50:56.448 [main] INFO  org.apache.coyote.http11.Http11NioProtocol - Initializing ProtocolHandler ["http-nio-8090"]
2023-12-23 00:50:56.448 [main] INFO  org.apache.catalina.core.StandardService - Starting service [Tomcat]
2023-12-23 00:50:56.448 [main] INFO  org.apache.catalina.core.StandardEngine - Starting Servlet engine: [Apache Tomcat/9.0.62]
2023-12-23 00:50:56.523 [main] INFO  o.a.c.c.C.[Tomcat].[localhost].[/service] - Initializing Spring embedded WebApplicationContext
2023-12-23 00:50:56.524 [main] INFO  o.s.b.w.s.c.ServletWebServerApplicationContext - Root WebApplicationContext: initialization completed in 838 ms
2023-12-23 00:50:56.625 [main] INFO  com.zaxxer.hikari.HikariDataSource - master - Starting...
2023-12-23 00:50:56.807 [main] INFO  com.zaxxer.hikari.HikariDataSource - master - Start completed.
2023-12-23 00:50:56.808 [main] INFO  c.b.dynamic.datasource.DynamicRoutingDataSource - dynamic-datasource - add a datasource named [master] success
2023-12-23 00:50:56.808 [main] INFO  c.b.dynamic.datasource.DynamicRoutingDataSource - dynamic-datasource initial loaded [1] datasource,primary datasource named [master]
2023-12-23 00:50:58.065 [main] INFO  org.apache.coyote.http11.Http11NioProtocol - Starting ProtocolHandler ["http-nio-8090"]
2023-12-23 00:50:58.072 [main] INFO  o.s.boot.web.embedded.tomcat.TomcatWebServer - Tomcat started on port(s): 8090 (http) with context path '/service'
2023-12-23 00:50:58.080 [main] INFO  c.x.questionnaire.QuestionnaireServiceApplication - Started QuestionnaireServiceApplication in 2.744 seconds (JVM running for 3.186)
2023-12-23 00:51:46.231 [SpringApplicationShutdownHook] INFO  c.b.dynamic.datasource.DynamicRoutingDataSource - dynamic-datasource start closing ....
2023-12-23 00:51:46.232 [SpringApplicationShutdownHook] INFO  com.zaxxer.hikari.HikariDataSource - master - Shutdown initiated...
2023-12-23 00:51:46.236 [SpringApplicationShutdownHook] INFO  com.zaxxer.hikari.HikariDataSource - master - Shutdown completed.
2023-12-23 00:51:46.237 [SpringApplicationShutdownHook] INFO  c.b.dynamic.datasource.DynamicRoutingDataSource - dynamic-datasource all closed success,bye
2023-12-23 00:56:42.134 [main] INFO  c.x.q.QuestionnaireServiceApplicationTests - Starting QuestionnaireServiceApplicationTests using Java 17.0.2 on DESKTOP-IB0CDUP with PID 22924 (started by 43542 in D:\project\questionnaire\questionnaire-service)
2023-12-23 00:56:42.135 [main] INFO  c.x.q.QuestionnaireServiceApplicationTests - The following 1 profile is active: "local"
2023-12-23 00:56:42.140 [background-preinit] INFO  org.hibernate.validator.internal.util.Version - HV000001: Hibernate Validator 6.2.3.Final
2023-12-23 00:56:42.785 [main] INFO  o.s.d.r.config.RepositoryConfigurationDelegate - Multiple Spring Data modules found, entering strict repository configuration mode!
2023-12-23 00:56:42.788 [main] INFO  o.s.d.r.config.RepositoryConfigurationDelegate - Bootstrapping Spring Data Redis repositories in DEFAULT mode.
2023-12-23 00:56:42.817 [main] INFO  o.s.d.r.config.RepositoryConfigurationDelegate - Finished Spring Data repository scanning in 14 ms. Found 0 Redis repository interfaces.
2023-12-23 00:56:43.272 [main] INFO  o.s.c.s.PostProcessorRegistrationDelegate$BeanPostProcessorChecker - Bean 'spring.datasource.dynamic-com.baomidou.dynamic.datasource.spring.boot.autoconfigure.DynamicDataSourceProperties' of type [com.baomidou.dynamic.datasource.spring.boot.autoconfigure.DynamicDataSourceProperties] is not eligible for getting processed by all BeanPostProcessors (for example: not eligible for auto-proxying)
2023-12-23 00:56:43.277 [main] INFO  o.s.c.s.PostProcessorRegistrationDelegate$BeanPostProcessorChecker - Bean 'com.baomidou.dynamic.datasource.spring.boot.autoconfigure.DynamicDataSourceAutoConfiguration' of type [com.baomidou.dynamic.datasource.spring.boot.autoconfigure.DynamicDataSourceAutoConfiguration$$EnhancerBySpringCGLIB$$23af6f7f] is not eligible for getting processed by all BeanPostProcessors (for example: not eligible for auto-proxying)
2023-12-23 00:56:43.296 [main] INFO  o.s.c.s.PostProcessorRegistrationDelegate$BeanPostProcessorChecker - Bean 'dsProcessor' of type [com.baomidou.dynamic.datasource.processor.DsHeaderProcessor] is not eligible for getting processed by all BeanPostProcessors (for example: not eligible for auto-proxying)
2023-12-23 00:56:43.472 [main] INFO  com.zaxxer.hikari.HikariDataSource - master - Starting...
2023-12-23 00:57:05.672 [main] INFO  o.s.b.a.l.ConditionEvaluationReportLoggingListener - 

Error starting ApplicationContext. To display the conditions report re-run your application with 'debug' enabled.
2023-12-23 01:01:30.348 [main] INFO  c.x.q.QuestionnaireServiceApplicationTests - Starting QuestionnaireServiceApplicationTests using Java 17.0.2 on DESKTOP-IB0CDUP with PID 29148 (started by 43542 in D:\project\questionnaire\questionnaire-service)
2023-12-23 01:01:30.351 [main] INFO  c.x.q.QuestionnaireServiceApplicationTests - The following 1 profile is active: "local"
2023-12-23 01:01:30.358 [background-preinit] INFO  org.hibernate.validator.internal.util.Version - HV000001: Hibernate Validator 6.2.3.Final
2023-12-23 01:01:31.070 [main] INFO  o.s.d.r.config.RepositoryConfigurationDelegate - Multiple Spring Data modules found, entering strict repository configuration mode!
2023-12-23 01:01:31.073 [main] INFO  o.s.d.r.config.RepositoryConfigurationDelegate - Bootstrapping Spring Data Redis repositories in DEFAULT mode.
2023-12-23 01:01:31.104 [main] INFO  o.s.d.r.config.RepositoryConfigurationDelegate - Finished Spring Data repository scanning in 15 ms. Found 0 Redis repository interfaces.
2023-12-23 01:01:31.554 [main] INFO  o.s.c.s.PostProcessorRegistrationDelegate$BeanPostProcessorChecker - Bean 'spring.datasource.dynamic-com.baomidou.dynamic.datasource.spring.boot.autoconfigure.DynamicDataSourceProperties' of type [com.baomidou.dynamic.datasource.spring.boot.autoconfigure.DynamicDataSourceProperties] is not eligible for getting processed by all BeanPostProcessors (for example: not eligible for auto-proxying)
2023-12-23 01:01:31.560 [main] INFO  o.s.c.s.PostProcessorRegistrationDelegate$BeanPostProcessorChecker - Bean 'com.baomidou.dynamic.datasource.spring.boot.autoconfigure.DynamicDataSourceAutoConfiguration' of type [com.baomidou.dynamic.datasource.spring.boot.autoconfigure.DynamicDataSourceAutoConfiguration$$EnhancerBySpringCGLIB$$23af6f7f] is not eligible for getting processed by all BeanPostProcessors (for example: not eligible for auto-proxying)
2023-12-23 01:01:31.594 [main] INFO  o.s.c.s.PostProcessorRegistrationDelegate$BeanPostProcessorChecker - Bean 'dsProcessor' of type [com.baomidou.dynamic.datasource.processor.DsHeaderProcessor] is not eligible for getting processed by all BeanPostProcessors (for example: not eligible for auto-proxying)
2023-12-23 01:01:31.805 [main] INFO  com.zaxxer.hikari.HikariDataSource - master - Starting...
2023-12-23 01:01:53.996 [main] INFO  o.s.b.a.l.ConditionEvaluationReportLoggingListener - 

Error starting ApplicationContext. To display the conditions report re-run your application with 'debug' enabled.
2023-12-23 01:02:10.120 [background-preinit] INFO  org.hibernate.validator.internal.util.Version - HV000001: Hibernate Validator 6.2.3.Final
2023-12-23 01:02:10.123 [main] INFO  c.x.questionnaire.QuestionnaireServiceApplication - Starting QuestionnaireServiceApplication using Java 17.0.2 on DESKTOP-IB0CDUP with PID 29032 (D:\project\questionnaire\questionnaire-service\target\classes started by 43542 in D:\project\questionnaire\questionnaire-service)
2023-12-23 01:02:10.125 [main] INFO  c.x.questionnaire.QuestionnaireServiceApplication - The following 1 profile is active: "local"
2023-12-23 01:02:10.558 [main] INFO  o.s.d.r.config.RepositoryConfigurationDelegate - Multiple Spring Data modules found, entering strict repository configuration mode!
2023-12-23 01:02:10.560 [main] INFO  o.s.d.r.config.RepositoryConfigurationDelegate - Bootstrapping Spring Data Redis repositories in DEFAULT mode.
2023-12-23 01:02:10.575 [main] INFO  o.s.d.r.config.RepositoryConfigurationDelegate - Finished Spring Data repository scanning in 7 ms. Found 0 Redis repository interfaces.
2023-12-23 01:02:10.831 [main] INFO  o.s.c.s.PostProcessorRegistrationDelegate$BeanPostProcessorChecker - Bean 'spring.datasource.dynamic-com.baomidou.dynamic.datasource.spring.boot.autoconfigure.DynamicDataSourceProperties' of type [com.baomidou.dynamic.datasource.spring.boot.autoconfigure.DynamicDataSourceProperties] is not eligible for getting processed by all BeanPostProcessors (for example: not eligible for auto-proxying)
2023-12-23 01:02:10.832 [main] INFO  o.s.c.s.PostProcessorRegistrationDelegate$BeanPostProcessorChecker - Bean 'com.baomidou.dynamic.datasource.spring.boot.autoconfigure.DynamicDataSourceAutoConfiguration' of type [com.baomidou.dynamic.datasource.spring.boot.autoconfigure.DynamicDataSourceAutoConfiguration$$EnhancerBySpringCGLIB$$4437973f] is not eligible for getting processed by all BeanPostProcessors (for example: not eligible for auto-proxying)
2023-12-23 01:02:10.840 [main] INFO  o.s.c.s.PostProcessorRegistrationDelegate$BeanPostProcessorChecker - Bean 'dsProcessor' of type [com.baomidou.dynamic.datasource.processor.DsHeaderProcessor] is not eligible for getting processed by all BeanPostProcessors (for example: not eligible for auto-proxying)
2023-12-23 01:02:10.964 [main] INFO  o.s.boot.web.embedded.tomcat.TomcatWebServer - Tomcat initialized with port(s): 8090 (http)
2023-12-23 01:02:10.969 [main] INFO  org.apache.coyote.http11.Http11NioProtocol - Initializing ProtocolHandler ["http-nio-8090"]
2023-12-23 01:02:10.969 [main] INFO  org.apache.catalina.core.StandardService - Starting service [Tomcat]
2023-12-23 01:02:10.969 [main] INFO  org.apache.catalina.core.StandardEngine - Starting Servlet engine: [Apache Tomcat/9.0.62]
2023-12-23 01:02:11.043 [main] INFO  o.a.c.c.C.[Tomcat].[localhost].[/service] - Initializing Spring embedded WebApplicationContext
2023-12-23 01:02:11.045 [main] INFO  o.s.b.w.s.c.ServletWebServerApplicationContext - Root WebApplicationContext: initialization completed in 887 ms
2023-12-23 01:02:11.148 [main] INFO  com.zaxxer.hikari.HikariDataSource - master - Starting...
2023-12-23 01:02:42.789 [main] INFO  c.x.q.QuestionnaireServiceApplicationTests - Starting QuestionnaireServiceApplicationTests using Java 17.0.2 on DESKTOP-IB0CDUP with PID 29616 (started by 43542 in D:\project\questionnaire\questionnaire-service)
2023-12-23 01:02:42.790 [main] INFO  c.x.q.QuestionnaireServiceApplicationTests - The following 1 profile is active: "local"
2023-12-23 01:02:42.796 [background-preinit] INFO  org.hibernate.validator.internal.util.Version - HV000001: Hibernate Validator 6.2.3.Final
2023-12-23 01:02:43.462 [main] INFO  o.s.d.r.config.RepositoryConfigurationDelegate - Multiple Spring Data modules found, entering strict repository configuration mode!
2023-12-23 01:02:43.465 [main] INFO  o.s.d.r.config.RepositoryConfigurationDelegate - Bootstrapping Spring Data Redis repositories in DEFAULT mode.
2023-12-23 01:02:43.487 [main] INFO  o.s.d.r.config.RepositoryConfigurationDelegate - Finished Spring Data repository scanning in 12 ms. Found 0 Redis repository interfaces.
2023-12-23 01:02:43.949 [main] INFO  o.s.c.s.PostProcessorRegistrationDelegate$BeanPostProcessorChecker - Bean 'spring.datasource.dynamic-com.baomidou.dynamic.datasource.spring.boot.autoconfigure.DynamicDataSourceProperties' of type [com.baomidou.dynamic.datasource.spring.boot.autoconfigure.DynamicDataSourceProperties] is not eligible for getting processed by all BeanPostProcessors (for example: not eligible for auto-proxying)
2023-12-23 01:02:43.956 [main] INFO  o.s.c.s.PostProcessorRegistrationDelegate$BeanPostProcessorChecker - Bean 'com.baomidou.dynamic.datasource.spring.boot.autoconfigure.DynamicDataSourceAutoConfiguration' of type [com.baomidou.dynamic.datasource.spring.boot.autoconfigure.DynamicDataSourceAutoConfiguration$$EnhancerBySpringCGLIB$$19b7cc97] is not eligible for getting processed by all BeanPostProcessors (for example: not eligible for auto-proxying)
2023-12-23 01:02:43.984 [main] INFO  o.s.c.s.PostProcessorRegistrationDelegate$BeanPostProcessorChecker - Bean 'dsProcessor' of type [com.baomidou.dynamic.datasource.processor.DsHeaderProcessor] is not eligible for getting processed by all BeanPostProcessors (for example: not eligible for auto-proxying)
2023-12-23 01:02:44.196 [main] INFO  com.zaxxer.hikari.HikariDataSource - master - Starting...
2023-12-23 01:02:44.623 [main] INFO  com.zaxxer.hikari.HikariDataSource - master - Start completed.
2023-12-23 01:02:44.624 [main] INFO  c.b.dynamic.datasource.DynamicRoutingDataSource - dynamic-datasource - add a datasource named [master] success
2023-12-23 01:02:44.624 [main] INFO  c.b.dynamic.datasource.DynamicRoutingDataSource - dynamic-datasource initial loaded [1] datasource,primary datasource named [master]
2023-12-23 01:02:47.787 [main] INFO  c.x.q.QuestionnaireServiceApplicationTests - Started QuestionnaireServiceApplicationTests in 5.32 seconds (JVM running for 6.088)
2023-12-23 01:02:48.349 [SpringApplicationShutdownHook] INFO  c.b.dynamic.datasource.DynamicRoutingDataSource - dynamic-datasource start closing ....
2023-12-23 01:02:48.350 [SpringApplicationShutdownHook] INFO  com.zaxxer.hikari.HikariDataSource - master - Shutdown initiated...
2023-12-23 01:02:48.356 [SpringApplicationShutdownHook] INFO  com.zaxxer.hikari.HikariDataSource - master - Shutdown completed.
2023-12-23 01:02:48.356 [SpringApplicationShutdownHook] INFO  c.b.dynamic.datasource.DynamicRoutingDataSource - dynamic-datasource all closed success,bye
2023-12-23 01:22:42.179 [main] INFO  c.x.q.QuestionnaireServiceApplicationTests - Starting QuestionnaireServiceApplicationTests using Java 17.0.2 on DESKTOP-IB0CDUP with PID 32560 (started by 43542 in D:\project\questionnaire\questionnaire-service)
2023-12-23 01:22:42.180 [main] INFO  c.x.q.QuestionnaireServiceApplicationTests - The following 1 profile is active: "local"
2023-12-23 01:22:42.187 [background-preinit] INFO  org.hibernate.validator.internal.util.Version - HV000001: Hibernate Validator 6.2.3.Final
2023-12-23 01:22:42.820 [main] INFO  o.s.d.r.config.RepositoryConfigurationDelegate - Multiple Spring Data modules found, entering strict repository configuration mode!
2023-12-23 01:22:42.822 [main] INFO  o.s.d.r.config.RepositoryConfigurationDelegate - Bootstrapping Spring Data Redis repositories in DEFAULT mode.
2023-12-23 01:22:42.854 [main] INFO  o.s.d.r.config.RepositoryConfigurationDelegate - Finished Spring Data repository scanning in 13 ms. Found 0 Redis repository interfaces.
2023-12-23 01:22:43.264 [main] INFO  o.s.c.s.PostProcessorRegistrationDelegate$BeanPostProcessorChecker - Bean 'spring.datasource.dynamic-com.baomidou.dynamic.datasource.spring.boot.autoconfigure.DynamicDataSourceProperties' of type [com.baomidou.dynamic.datasource.spring.boot.autoconfigure.DynamicDataSourceProperties] is not eligible for getting processed by all BeanPostProcessors (for example: not eligible for auto-proxying)
2023-12-23 01:22:43.270 [main] INFO  o.s.c.s.PostProcessorRegistrationDelegate$BeanPostProcessorChecker - Bean 'com.baomidou.dynamic.datasource.spring.boot.autoconfigure.DynamicDataSourceAutoConfiguration' of type [com.baomidou.dynamic.datasource.spring.boot.autoconfigure.DynamicDataSourceAutoConfiguration$$EnhancerBySpringCGLIB$$23af6f7f] is not eligible for getting processed by all BeanPostProcessors (for example: not eligible for auto-proxying)
2023-12-23 01:22:43.295 [main] INFO  o.s.c.s.PostProcessorRegistrationDelegate$BeanPostProcessorChecker - Bean 'dsProcessor' of type [com.baomidou.dynamic.datasource.processor.DsHeaderProcessor] is not eligible for getting processed by all BeanPostProcessors (for example: not eligible for auto-proxying)
2023-12-23 01:22:43.464 [main] INFO  com.zaxxer.hikari.HikariDataSource - master - Starting...
2023-12-23 01:22:44.355 [main] INFO  com.zaxxer.hikari.HikariDataSource - master - Start completed.
2023-12-23 01:22:44.355 [main] INFO  c.b.dynamic.datasource.DynamicRoutingDataSource - dynamic-datasource - add a datasource named [master] success
2023-12-23 01:22:44.355 [main] INFO  c.b.dynamic.datasource.DynamicRoutingDataSource - dynamic-datasource initial loaded [1] datasource,primary datasource named [master]
2023-12-23 01:22:47.410 [main] INFO  c.x.q.QuestionnaireServiceApplicationTests - Started QuestionnaireServiceApplicationTests in 5.572 seconds (JVM running for 6.325)
2023-12-23 01:22:48.031 [SpringApplicationShutdownHook] INFO  c.b.dynamic.datasource.DynamicRoutingDataSource - dynamic-datasource start closing ....
2023-12-23 01:22:48.031 [SpringApplicationShutdownHook] INFO  com.zaxxer.hikari.HikariDataSource - master - Shutdown initiated...
2023-12-23 01:22:48.391 [SpringApplicationShutdownHook] INFO  com.zaxxer.hikari.HikariDataSource - master - Shutdown completed.
2023-12-23 01:22:48.392 [SpringApplicationShutdownHook] INFO  c.b.dynamic.datasource.DynamicRoutingDataSource - dynamic-datasource all closed success,bye
2023-12-23 01:26:53.014 [main] INFO  c.x.q.QuestionnaireServiceApplicationTests - Starting QuestionnaireServiceApplicationTests using Java 17.0.2 on DESKTOP-IB0CDUP with PID 26876 (started by 43542 in D:\project\questionnaire\questionnaire-service)
2023-12-23 01:26:53.015 [main] INFO  c.x.q.QuestionnaireServiceApplicationTests - The following 1 profile is active: "local"
2023-12-23 01:26:53.024 [background-preinit] INFO  org.hibernate.validator.internal.util.Version - HV000001: Hibernate Validator 6.2.3.Final
2023-12-23 01:26:53.735 [main] INFO  o.s.d.r.config.RepositoryConfigurationDelegate - Multiple Spring Data modules found, entering strict repository configuration mode!
2023-12-23 01:26:53.737 [main] INFO  o.s.d.r.config.RepositoryConfigurationDelegate - Bootstrapping Spring Data Redis repositories in DEFAULT mode.
2023-12-23 01:26:53.769 [main] INFO  o.s.d.r.config.RepositoryConfigurationDelegate - Finished Spring Data repository scanning in 14 ms. Found 0 Redis repository interfaces.
2023-12-23 01:26:54.218 [main] INFO  o.s.c.s.PostProcessorRegistrationDelegate$BeanPostProcessorChecker - Bean 'spring.datasource.dynamic-com.baomidou.dynamic.datasource.spring.boot.autoconfigure.DynamicDataSourceProperties' of type [com.baomidou.dynamic.datasource.spring.boot.autoconfigure.DynamicDataSourceProperties] is not eligible for getting processed by all BeanPostProcessors (for example: not eligible for auto-proxying)
2023-12-23 01:26:54.226 [main] INFO  o.s.c.s.PostProcessorRegistrationDelegate$BeanPostProcessorChecker - Bean 'com.baomidou.dynamic.datasource.spring.boot.autoconfigure.DynamicDataSourceAutoConfiguration' of type [com.baomidou.dynamic.datasource.spring.boot.autoconfigure.DynamicDataSourceAutoConfiguration$$EnhancerBySpringCGLIB$$5c68c30d] is not eligible for getting processed by all BeanPostProcessors (for example: not eligible for auto-proxying)
2023-12-23 01:26:54.263 [main] INFO  o.s.c.s.PostProcessorRegistrationDelegate$BeanPostProcessorChecker - Bean 'dsProcessor' of type [com.baomidou.dynamic.datasource.processor.DsHeaderProcessor] is not eligible for getting processed by all BeanPostProcessors (for example: not eligible for auto-proxying)
2023-12-23 01:26:54.484 [main] INFO  com.zaxxer.hikari.HikariDataSource - master - Starting...
2023-12-23 01:26:55.426 [main] INFO  com.zaxxer.hikari.HikariDataSource - master - Start completed.
2023-12-23 01:26:55.426 [main] INFO  c.b.dynamic.datasource.DynamicRoutingDataSource - dynamic-datasource - add a datasource named [master] success
2023-12-23 01:26:55.426 [main] INFO  c.b.dynamic.datasource.DynamicRoutingDataSource - dynamic-datasource initial loaded [1] datasource,primary datasource named [master]
2023-12-23 01:27:07.006 [main] INFO  c.b.dynamic.datasource.DynamicRoutingDataSource - dynamic-datasource start closing ....
2023-12-23 01:27:07.007 [main] INFO  com.zaxxer.hikari.HikariDataSource - master - Shutdown initiated...
2023-12-23 01:27:07.383 [main] INFO  com.zaxxer.hikari.HikariDataSource - master - Shutdown completed.
2023-12-23 01:27:07.383 [main] INFO  c.b.dynamic.datasource.DynamicRoutingDataSource - dynamic-datasource all closed success,bye
2023-12-23 01:27:07.389 [main] INFO  o.s.b.a.l.ConditionEvaluationReportLoggingListener - 

Error starting ApplicationContext. To display the conditions report re-run your application with 'debug' enabled.
2023-12-23 01:31:44.548 [main] INFO  c.x.q.QuestionnaireServiceApplicationTests - Starting QuestionnaireServiceApplicationTests using Java 17.0.2 on DESKTOP-IB0CDUP with PID 23284 (started by 43542 in D:\project\questionnaire\questionnaire-service)
2023-12-23 01:31:44.549 [main] INFO  c.x.q.QuestionnaireServiceApplicationTests - The following 1 profile is active: "local"
2023-12-23 01:31:44.556 [background-preinit] INFO  org.hibernate.validator.internal.util.Version - HV000001: Hibernate Validator 6.2.3.Final
2023-12-23 01:31:45.171 [main] INFO  o.s.d.r.config.RepositoryConfigurationDelegate - Multiple Spring Data modules found, entering strict repository configuration mode!
2023-12-23 01:31:45.175 [main] INFO  o.s.d.r.config.RepositoryConfigurationDelegate - Bootstrapping Spring Data Redis repositories in DEFAULT mode.
2023-12-23 01:31:45.199 [main] INFO  o.s.d.r.config.RepositoryConfigurationDelegate - Finished Spring Data repository scanning in 12 ms. Found 0 Redis repository interfaces.
2023-12-23 01:31:45.637 [main] INFO  o.s.c.s.PostProcessorRegistrationDelegate$BeanPostProcessorChecker - Bean 'spring.datasource.dynamic-com.baomidou.dynamic.datasource.spring.boot.autoconfigure.DynamicDataSourceProperties' of type [com.baomidou.dynamic.datasource.spring.boot.autoconfigure.DynamicDataSourceProperties] is not eligible for getting processed by all BeanPostProcessors (for example: not eligible for auto-proxying)
2023-12-23 01:31:45.642 [main] INFO  o.s.c.s.PostProcessorRegistrationDelegate$BeanPostProcessorChecker - Bean 'com.baomidou.dynamic.datasource.spring.boot.autoconfigure.DynamicDataSourceAutoConfiguration' of type [com.baomidou.dynamic.datasource.spring.boot.autoconfigure.DynamicDataSourceAutoConfiguration$$EnhancerBySpringCGLIB$$23af6f7f] is not eligible for getting processed by all BeanPostProcessors (for example: not eligible for auto-proxying)
2023-12-23 01:31:45.664 [main] INFO  o.s.c.s.PostProcessorRegistrationDelegate$BeanPostProcessorChecker - Bean 'dsProcessor' of type [com.baomidou.dynamic.datasource.processor.DsHeaderProcessor] is not eligible for getting processed by all BeanPostProcessors (for example: not eligible for auto-proxying)
2023-12-23 01:31:45.879 [main] INFO  com.zaxxer.hikari.HikariDataSource - master - Starting...
2023-12-23 01:31:46.812 [main] INFO  com.zaxxer.hikari.HikariDataSource - master - Start completed.
2023-12-23 01:31:46.812 [main] INFO  c.b.dynamic.datasource.DynamicRoutingDataSource - dynamic-datasource - add a datasource named [master] success
2023-12-23 01:31:46.812 [main] INFO  c.b.dynamic.datasource.DynamicRoutingDataSource - dynamic-datasource initial loaded [1] datasource,primary datasource named [master]
2023-12-23 01:31:58.327 [main] INFO  c.b.dynamic.datasource.DynamicRoutingDataSource - dynamic-datasource start closing ....
2023-12-23 01:31:58.327 [main] INFO  com.zaxxer.hikari.HikariDataSource - master - Shutdown initiated...
2023-12-23 01:31:58.697 [main] INFO  com.zaxxer.hikari.HikariDataSource - master - Shutdown completed.
2023-12-23 01:31:58.697 [main] INFO  c.b.dynamic.datasource.DynamicRoutingDataSource - dynamic-datasource all closed success,bye
2023-12-23 01:31:58.712 [main] INFO  o.s.b.a.l.ConditionEvaluationReportLoggingListener - 

Error starting ApplicationContext. To display the conditions report re-run your application with 'debug' enabled.
2023-12-23 01:37:41.528 [main] INFO  c.x.q.QuestionnaireServiceApplicationTests - Starting QuestionnaireServiceApplicationTests using Java 17.0.2 on DESKTOP-IB0CDUP with PID 10464 (started by 43542 in D:\project\questionnaire\questionnaire-service)
2023-12-23 01:37:41.529 [main] INFO  c.x.q.QuestionnaireServiceApplicationTests - The following 1 profile is active: "local"
2023-12-23 01:37:41.533 [background-preinit] INFO  org.hibernate.validator.internal.util.Version - HV000001: Hibernate Validator 6.2.3.Final
2023-12-23 01:37:42.188 [main] INFO  o.s.d.r.config.RepositoryConfigurationDelegate - Multiple Spring Data modules found, entering strict repository configuration mode!
2023-12-23 01:37:42.191 [main] INFO  o.s.d.r.config.RepositoryConfigurationDelegate - Bootstrapping Spring Data Redis repositories in DEFAULT mode.
2023-12-23 01:37:42.223 [main] INFO  o.s.d.r.config.RepositoryConfigurationDelegate - Finished Spring Data repository scanning in 12 ms. Found 0 Redis repository interfaces.
2023-12-23 01:37:42.617 [main] INFO  o.s.c.s.PostProcessorRegistrationDelegate$BeanPostProcessorChecker - Bean 'spring.datasource.dynamic-com.baomidou.dynamic.datasource.spring.boot.autoconfigure.DynamicDataSourceProperties' of type [com.baomidou.dynamic.datasource.spring.boot.autoconfigure.DynamicDataSourceProperties] is not eligible for getting processed by all BeanPostProcessors (for example: not eligible for auto-proxying)
2023-12-23 01:37:42.622 [main] INFO  o.s.c.s.PostProcessorRegistrationDelegate$BeanPostProcessorChecker - Bean 'com.baomidou.dynamic.datasource.spring.boot.autoconfigure.DynamicDataSourceAutoConfiguration' of type [com.baomidou.dynamic.datasource.spring.boot.autoconfigure.DynamicDataSourceAutoConfiguration$$EnhancerBySpringCGLIB$$23af6f7f] is not eligible for getting processed by all BeanPostProcessors (for example: not eligible for auto-proxying)
2023-12-23 01:37:42.650 [main] INFO  o.s.c.s.PostProcessorRegistrationDelegate$BeanPostProcessorChecker - Bean 'dsProcessor' of type [com.baomidou.dynamic.datasource.processor.DsHeaderProcessor] is not eligible for getting processed by all BeanPostProcessors (for example: not eligible for auto-proxying)
2023-12-23 01:37:42.824 [main] INFO  com.zaxxer.hikari.HikariDataSource - master - Starting...
2023-12-23 01:37:43.696 [main] INFO  com.zaxxer.hikari.HikariDataSource - master - Start completed.
2023-12-23 01:37:43.697 [main] INFO  c.b.dynamic.datasource.DynamicRoutingDataSource - dynamic-datasource - add a datasource named [master] success
2023-12-23 01:37:43.697 [main] INFO  c.b.dynamic.datasource.DynamicRoutingDataSource - dynamic-datasource initial loaded [1] datasource,primary datasource named [master]
2023-12-23 01:37:55.511 [main] INFO  c.b.dynamic.datasource.DynamicRoutingDataSource - dynamic-datasource start closing ....
2023-12-23 01:37:55.512 [main] INFO  com.zaxxer.hikari.HikariDataSource - master - Shutdown initiated...
2023-12-23 01:37:55.880 [main] INFO  com.zaxxer.hikari.HikariDataSource - master - Shutdown completed.
2023-12-23 01:37:55.880 [main] INFO  c.b.dynamic.datasource.DynamicRoutingDataSource - dynamic-datasource all closed success,bye
2023-12-23 01:37:55.886 [main] INFO  o.s.b.a.l.ConditionEvaluationReportLoggingListener - 

Error starting ApplicationContext. To display the conditions report re-run your application with 'debug' enabled.
2023-12-23 01:38:33.233 [main] INFO  c.x.q.QuestionnaireServiceApplicationTests - Starting QuestionnaireServiceApplicationTests using Java 17.0.2 on DESKTOP-IB0CDUP with PID 31420 (started by 43542 in D:\project\questionnaire\questionnaire-service)
2023-12-23 01:38:33.234 [main] INFO  c.x.q.QuestionnaireServiceApplicationTests - The following 1 profile is active: "local"
2023-12-23 01:38:33.242 [background-preinit] INFO  org.hibernate.validator.internal.util.Version - HV000001: Hibernate Validator 6.2.3.Final
2023-12-23 01:38:33.895 [main] INFO  o.s.d.r.config.RepositoryConfigurationDelegate - Multiple Spring Data modules found, entering strict repository configuration mode!
2023-12-23 01:38:33.898 [main] INFO  o.s.d.r.config.RepositoryConfigurationDelegate - Bootstrapping Spring Data Redis repositories in DEFAULT mode.
2023-12-23 01:38:33.920 [main] INFO  o.s.d.r.config.RepositoryConfigurationDelegate - Finished Spring Data repository scanning in 12 ms. Found 0 Redis repository interfaces.
2023-12-23 01:38:34.339 [main] INFO  o.s.c.s.PostProcessorRegistrationDelegate$BeanPostProcessorChecker - Bean 'spring.datasource.dynamic-com.baomidou.dynamic.datasource.spring.boot.autoconfigure.DynamicDataSourceProperties' of type [com.baomidou.dynamic.datasource.spring.boot.autoconfigure.DynamicDataSourceProperties] is not eligible for getting processed by all BeanPostProcessors (for example: not eligible for auto-proxying)
2023-12-23 01:38:34.344 [main] INFO  o.s.c.s.PostProcessorRegistrationDelegate$BeanPostProcessorChecker - Bean 'com.baomidou.dynamic.datasource.spring.boot.autoconfigure.DynamicDataSourceAutoConfiguration' of type [com.baomidou.dynamic.datasource.spring.boot.autoconfigure.DynamicDataSourceAutoConfiguration$$EnhancerBySpringCGLIB$$ea6edaae] is not eligible for getting processed by all BeanPostProcessors (for example: not eligible for auto-proxying)
2023-12-23 01:38:34.367 [main] INFO  o.s.c.s.PostProcessorRegistrationDelegate$BeanPostProcessorChecker - Bean 'dsProcessor' of type [com.baomidou.dynamic.datasource.processor.DsHeaderProcessor] is not eligible for getting processed by all BeanPostProcessors (for example: not eligible for auto-proxying)
2023-12-23 01:38:34.547 [main] INFO  com.zaxxer.hikari.HikariDataSource - master - Starting...
2023-12-23 01:38:35.477 [main] INFO  com.zaxxer.hikari.HikariDataSource - master - Start completed.
2023-12-23 01:38:35.477 [main] INFO  c.b.dynamic.datasource.DynamicRoutingDataSource - dynamic-datasource - add a datasource named [master] success
2023-12-23 01:38:35.477 [main] INFO  c.b.dynamic.datasource.DynamicRoutingDataSource - dynamic-datasource initial loaded [1] datasource,primary datasource named [master]
2023-12-23 01:38:47.143 [main] INFO  c.b.dynamic.datasource.DynamicRoutingDataSource - dynamic-datasource start closing ....
2023-12-23 01:38:47.144 [main] INFO  com.zaxxer.hikari.HikariDataSource - master - Shutdown initiated...
2023-12-23 01:38:47.521 [main] INFO  com.zaxxer.hikari.HikariDataSource - master - Shutdown completed.
2023-12-23 01:38:47.522 [main] INFO  c.b.dynamic.datasource.DynamicRoutingDataSource - dynamic-datasource all closed success,bye
2023-12-23 01:38:47.538 [main] INFO  o.s.b.a.l.ConditionEvaluationReportLoggingListener - 

Error starting ApplicationContext. To display the conditions report re-run your application with 'debug' enabled.
2023-12-23 01:39:11.922 [main] INFO  c.x.q.QuestionnaireServiceApplicationTests - Starting QuestionnaireServiceApplicationTests using Java 17.0.2 on DESKTOP-IB0CDUP with PID 19652 (started by 43542 in D:\project\questionnaire\questionnaire-service)
2023-12-23 01:39:11.923 [main] INFO  c.x.q.QuestionnaireServiceApplicationTests - The following 1 profile is active: "local"
2023-12-23 01:39:11.931 [background-preinit] INFO  org.hibernate.validator.internal.util.Version - HV000001: Hibernate Validator 6.2.3.Final
2023-12-23 01:39:12.595 [main] INFO  o.s.d.r.config.RepositoryConfigurationDelegate - Multiple Spring Data modules found, entering strict repository configuration mode!
2023-12-23 01:39:12.598 [main] INFO  o.s.d.r.config.RepositoryConfigurationDelegate - Bootstrapping Spring Data Redis repositories in DEFAULT mode.
2023-12-23 01:39:12.633 [main] INFO  o.s.d.r.config.RepositoryConfigurationDelegate - Finished Spring Data repository scanning in 15 ms. Found 0 Redis repository interfaces.
2023-12-23 01:39:13.113 [main] INFO  o.s.c.s.PostProcessorRegistrationDelegate$BeanPostProcessorChecker - Bean 'spring.datasource.dynamic-com.baomidou.dynamic.datasource.spring.boot.autoconfigure.DynamicDataSourceProperties' of type [com.baomidou.dynamic.datasource.spring.boot.autoconfigure.DynamicDataSourceProperties] is not eligible for getting processed by all BeanPostProcessors (for example: not eligible for auto-proxying)
2023-12-23 01:39:13.118 [main] INFO  o.s.c.s.PostProcessorRegistrationDelegate$BeanPostProcessorChecker - Bean 'com.baomidou.dynamic.datasource.spring.boot.autoconfigure.DynamicDataSourceAutoConfiguration' of type [com.baomidou.dynamic.datasource.spring.boot.autoconfigure.DynamicDataSourceAutoConfiguration$$EnhancerBySpringCGLIB$$295b66b] is not eligible for getting processed by all BeanPostProcessors (for example: not eligible for auto-proxying)
2023-12-23 01:39:13.147 [main] INFO  o.s.c.s.PostProcessorRegistrationDelegate$BeanPostProcessorChecker - Bean 'dsProcessor' of type [com.baomidou.dynamic.datasource.processor.DsHeaderProcessor] is not eligible for getting processed by all BeanPostProcessors (for example: not eligible for auto-proxying)
2023-12-23 01:39:13.331 [main] INFO  com.zaxxer.hikari.HikariDataSource - master - Starting...
2023-12-23 01:39:14.183 [main] INFO  com.zaxxer.hikari.HikariDataSource - master - Start completed.
2023-12-23 01:39:14.184 [main] INFO  c.b.dynamic.datasource.DynamicRoutingDataSource - dynamic-datasource - add a datasource named [master] success
2023-12-23 01:39:14.184 [main] INFO  c.b.dynamic.datasource.DynamicRoutingDataSource - dynamic-datasource initial loaded [1] datasource,primary datasource named [master]
2023-12-23 01:39:25.732 [main] INFO  c.b.dynamic.datasource.DynamicRoutingDataSource - dynamic-datasource start closing ....
2023-12-23 01:39:25.732 [main] INFO  com.zaxxer.hikari.HikariDataSource - master - Shutdown initiated...
2023-12-23 01:39:26.089 [main] INFO  com.zaxxer.hikari.HikariDataSource - master - Shutdown completed.
2023-12-23 01:39:26.089 [main] INFO  c.b.dynamic.datasource.DynamicRoutingDataSource - dynamic-datasource all closed success,bye
2023-12-23 01:39:26.095 [main] INFO  o.s.b.a.l.ConditionEvaluationReportLoggingListener - 

Error starting ApplicationContext. To display the conditions report re-run your application with 'debug' enabled.
2023-12-23 01:39:39.064 [main] INFO  c.x.q.QuestionnaireServiceApplicationTests - Starting QuestionnaireServiceApplicationTests using Java 17.0.2 on DESKTOP-IB0CDUP with PID 22252 (started by 43542 in D:\project\questionnaire\questionnaire-service)
2023-12-23 01:39:39.065 [main] INFO  c.x.q.QuestionnaireServiceApplicationTests - The following 1 profile is active: "local"
2023-12-23 01:39:39.069 [background-preinit] INFO  org.hibernate.validator.internal.util.Version - HV000001: Hibernate Validator 6.2.3.Final
2023-12-23 01:39:39.738 [main] INFO  o.s.d.r.config.RepositoryConfigurationDelegate - Multiple Spring Data modules found, entering strict repository configuration mode!
2023-12-23 01:39:39.741 [main] INFO  o.s.d.r.config.RepositoryConfigurationDelegate - Bootstrapping Spring Data Redis repositories in DEFAULT mode.
2023-12-23 01:39:39.765 [main] INFO  o.s.d.r.config.RepositoryConfigurationDelegate - Finished Spring Data repository scanning in 13 ms. Found 0 Redis repository interfaces.
2023-12-23 01:39:40.169 [main] INFO  o.s.c.s.PostProcessorRegistrationDelegate$BeanPostProcessorChecker - Bean 'spring.datasource.dynamic-com.baomidou.dynamic.datasource.spring.boot.autoconfigure.DynamicDataSourceProperties' of type [com.baomidou.dynamic.datasource.spring.boot.autoconfigure.DynamicDataSourceProperties] is not eligible for getting processed by all BeanPostProcessors (for example: not eligible for auto-proxying)
2023-12-23 01:39:40.174 [main] INFO  o.s.c.s.PostProcessorRegistrationDelegate$BeanPostProcessorChecker - Bean 'com.baomidou.dynamic.datasource.spring.boot.autoconfigure.DynamicDataSourceAutoConfiguration' of type [com.baomidou.dynamic.datasource.spring.boot.autoconfigure.DynamicDataSourceAutoConfiguration$$EnhancerBySpringCGLIB$$48be1f59] is not eligible for getting processed by all BeanPostProcessors (for example: not eligible for auto-proxying)
2023-12-23 01:39:40.195 [main] INFO  o.s.c.s.PostProcessorRegistrationDelegate$BeanPostProcessorChecker - Bean 'dsProcessor' of type [com.baomidou.dynamic.datasource.processor.DsHeaderProcessor] is not eligible for getting processed by all BeanPostProcessors (for example: not eligible for auto-proxying)
2023-12-23 01:39:40.364 [main] INFO  com.zaxxer.hikari.HikariDataSource - master - Starting...
2023-12-23 01:39:41.216 [main] INFO  com.zaxxer.hikari.HikariDataSource - master - Start completed.
2023-12-23 01:39:41.217 [main] INFO  c.b.dynamic.datasource.DynamicRoutingDataSource - dynamic-datasource - add a datasource named [master] success
2023-12-23 01:39:41.217 [main] INFO  c.b.dynamic.datasource.DynamicRoutingDataSource - dynamic-datasource initial loaded [1] datasource,primary datasource named [master]
2023-12-23 01:39:52.853 [main] INFO  c.b.dynamic.datasource.DynamicRoutingDataSource - dynamic-datasource start closing ....
2023-12-23 01:39:52.854 [main] INFO  com.zaxxer.hikari.HikariDataSource - master - Shutdown initiated...
2023-12-23 01:39:53.213 [main] INFO  com.zaxxer.hikari.HikariDataSource - master - Shutdown completed.
2023-12-23 01:39:53.214 [main] INFO  c.b.dynamic.datasource.DynamicRoutingDataSource - dynamic-datasource all closed success,bye
2023-12-23 01:39:53.220 [main] INFO  o.s.b.a.l.ConditionEvaluationReportLoggingListener - 

Error starting ApplicationContext. To display the conditions report re-run your application with 'debug' enabled.
2023-12-23 01:44:37.023 [main] INFO  c.x.q.QuestionnaireServiceApplicationTests - Starting QuestionnaireServiceApplicationTests using Java 17.0.2 on DESKTOP-IB0CDUP with PID 32288 (started by 43542 in D:\project\questionnaire\questionnaire-service)
2023-12-23 01:44:37.025 [main] INFO  c.x.q.QuestionnaireServiceApplicationTests - The following 1 profile is active: "local"
2023-12-23 01:44:37.033 [background-preinit] INFO  org.hibernate.validator.internal.util.Version - HV000001: Hibernate Validator 6.2.3.Final
2023-12-23 01:44:37.674 [main] INFO  o.s.d.r.config.RepositoryConfigurationDelegate - Multiple Spring Data modules found, entering strict repository configuration mode!
2023-12-23 01:44:37.677 [main] INFO  o.s.d.r.config.RepositoryConfigurationDelegate - Bootstrapping Spring Data Redis repositories in DEFAULT mode.
2023-12-23 01:44:37.699 [main] INFO  o.s.d.r.config.RepositoryConfigurationDelegate - Finished Spring Data repository scanning in 11 ms. Found 0 Redis repository interfaces.
2023-12-23 01:44:38.110 [main] INFO  o.s.c.s.PostProcessorRegistrationDelegate$BeanPostProcessorChecker - Bean 'spring.datasource.dynamic-com.baomidou.dynamic.datasource.spring.boot.autoconfigure.DynamicDataSourceProperties' of type [com.baomidou.dynamic.datasource.spring.boot.autoconfigure.DynamicDataSourceProperties] is not eligible for getting processed by all BeanPostProcessors (for example: not eligible for auto-proxying)
2023-12-23 01:44:38.115 [main] INFO  o.s.c.s.PostProcessorRegistrationDelegate$BeanPostProcessorChecker - Bean 'com.baomidou.dynamic.datasource.spring.boot.autoconfigure.DynamicDataSourceAutoConfiguration' of type [com.baomidou.dynamic.datasource.spring.boot.autoconfigure.DynamicDataSourceAutoConfiguration$$EnhancerBySpringCGLIB$$eb08263] is not eligible for getting processed by all BeanPostProcessors (for example: not eligible for auto-proxying)
2023-12-23 01:44:38.134 [main] INFO  o.s.c.s.PostProcessorRegistrationDelegate$BeanPostProcessorChecker - Bean 'dsProcessor' of type [com.baomidou.dynamic.datasource.processor.DsHeaderProcessor] is not eligible for getting processed by all BeanPostProcessors (for example: not eligible for auto-proxying)
2023-12-23 01:44:38.330 [main] INFO  com.zaxxer.hikari.HikariDataSource - master - Starting...
2023-12-23 01:44:39.294 [main] INFO  com.zaxxer.hikari.HikariDataSource - master - Start completed.
2023-12-23 01:44:39.295 [main] INFO  c.b.dynamic.datasource.DynamicRoutingDataSource - dynamic-datasource - add a datasource named [master] success
2023-12-23 01:44:39.295 [main] INFO  c.b.dynamic.datasource.DynamicRoutingDataSource - dynamic-datasource initial loaded [1] datasource,primary datasource named [master]
2023-12-23 01:44:50.781 [main] INFO  c.b.dynamic.datasource.DynamicRoutingDataSource - dynamic-datasource start closing ....
2023-12-23 01:44:50.781 [main] INFO  com.zaxxer.hikari.HikariDataSource - master - Shutdown initiated...
2023-12-23 01:44:51.135 [main] INFO  com.zaxxer.hikari.HikariDataSource - master - Shutdown completed.
2023-12-23 01:44:51.135 [main] INFO  c.b.dynamic.datasource.DynamicRoutingDataSource - dynamic-datasource all closed success,bye
2023-12-23 01:44:51.141 [main] INFO  o.s.b.a.l.ConditionEvaluationReportLoggingListener - 

Error starting ApplicationContext. To display the conditions report re-run your application with 'debug' enabled.
2023-12-23 01:46:28.762 [main] INFO  c.x.q.QuestionnaireServiceApplicationTests - Starting QuestionnaireServiceApplicationTests using Java 17.0.2 on DESKTOP-IB0CDUP with PID 2344 (started by 43542 in D:\project\questionnaire\questionnaire-service)
2023-12-23 01:46:28.764 [main] INFO  c.x.q.QuestionnaireServiceApplicationTests - The following 1 profile is active: "local"
2023-12-23 01:46:28.773 [background-preinit] INFO  org.hibernate.validator.internal.util.Version - HV000001: Hibernate Validator 6.2.3.Final
2023-12-23 01:46:29.411 [main] INFO  o.s.d.r.config.RepositoryConfigurationDelegate - Multiple Spring Data modules found, entering strict repository configuration mode!
2023-12-23 01:46:29.413 [main] INFO  o.s.d.r.config.RepositoryConfigurationDelegate - Bootstrapping Spring Data Redis repositories in DEFAULT mode.
2023-12-23 01:46:29.443 [main] INFO  o.s.d.r.config.RepositoryConfigurationDelegate - Finished Spring Data repository scanning in 13 ms. Found 0 Redis repository interfaces.
2023-12-23 01:46:29.851 [main] INFO  o.s.c.s.PostProcessorRegistrationDelegate$BeanPostProcessorChecker - Bean 'spring.datasource.dynamic-com.baomidou.dynamic.datasource.spring.boot.autoconfigure.DynamicDataSourceProperties' of type [com.baomidou.dynamic.datasource.spring.boot.autoconfigure.DynamicDataSourceProperties] is not eligible for getting processed by all BeanPostProcessors (for example: not eligible for auto-proxying)
2023-12-23 01:46:29.858 [main] INFO  o.s.c.s.PostProcessorRegistrationDelegate$BeanPostProcessorChecker - Bean 'com.baomidou.dynamic.datasource.spring.boot.autoconfigure.DynamicDataSourceAutoConfiguration' of type [com.baomidou.dynamic.datasource.spring.boot.autoconfigure.DynamicDataSourceAutoConfiguration$$EnhancerBySpringCGLIB$$48be1f59] is not eligible for getting processed by all BeanPostProcessors (for example: not eligible for auto-proxying)
2023-12-23 01:46:29.887 [main] INFO  o.s.c.s.PostProcessorRegistrationDelegate$BeanPostProcessorChecker - Bean 'dsProcessor' of type [com.baomidou.dynamic.datasource.processor.DsHeaderProcessor] is not eligible for getting processed by all BeanPostProcessors (for example: not eligible for auto-proxying)
2023-12-23 01:46:30.076 [main] INFO  com.zaxxer.hikari.HikariDataSource - master - Starting...
2023-12-23 01:46:30.972 [main] INFO  com.zaxxer.hikari.HikariDataSource - master - Start completed.
2023-12-23 01:46:30.973 [main] INFO  c.b.dynamic.datasource.DynamicRoutingDataSource - dynamic-datasource - add a datasource named [master] success
2023-12-23 01:46:30.973 [main] INFO  c.b.dynamic.datasource.DynamicRoutingDataSource - dynamic-datasource initial loaded [1] datasource,primary datasource named [master]
2023-12-23 01:46:42.490 [main] INFO  c.b.dynamic.datasource.DynamicRoutingDataSource - dynamic-datasource start closing ....
2023-12-23 01:46:42.491 [main] INFO  com.zaxxer.hikari.HikariDataSource - master - Shutdown initiated...
2023-12-23 01:46:42.862 [main] INFO  com.zaxxer.hikari.HikariDataSource - master - Shutdown completed.
2023-12-23 01:46:42.862 [main] INFO  c.b.dynamic.datasource.DynamicRoutingDataSource - dynamic-datasource all closed success,bye
2023-12-23 01:46:42.868 [main] INFO  o.s.b.a.l.ConditionEvaluationReportLoggingListener - 

Error starting ApplicationContext. To display the conditions report re-run your application with 'debug' enabled.
2023-12-23 01:52:50.175 [main] INFO  c.x.q.QuestionnaireServiceApplicationTests - Starting QuestionnaireServiceApplicationTests using Java 17.0.2 on DESKTOP-IB0CDUP with PID 15164 (started by 43542 in D:\project\questionnaire\questionnaire-service)
2023-12-23 01:52:50.176 [main] INFO  c.x.q.QuestionnaireServiceApplicationTests - The following 1 profile is active: "local"
2023-12-23 01:52:50.183 [background-preinit] INFO  org.hibernate.validator.internal.util.Version - HV000001: Hibernate Validator 6.2.3.Final
2023-12-23 01:52:50.828 [main] INFO  o.s.d.r.config.RepositoryConfigurationDelegate - Multiple Spring Data modules found, entering strict repository configuration mode!
2023-12-23 01:52:50.830 [main] INFO  o.s.d.r.config.RepositoryConfigurationDelegate - Bootstrapping Spring Data Redis repositories in DEFAULT mode.
2023-12-23 01:52:50.854 [main] INFO  o.s.d.r.config.RepositoryConfigurationDelegate - Finished Spring Data repository scanning in 12 ms. Found 0 Redis repository interfaces.
2023-12-23 01:52:51.261 [main] INFO  o.s.c.s.PostProcessorRegistrationDelegate$BeanPostProcessorChecker - Bean 'spring.datasource.dynamic-com.baomidou.dynamic.datasource.spring.boot.autoconfigure.DynamicDataSourceProperties' of type [com.baomidou.dynamic.datasource.spring.boot.autoconfigure.DynamicDataSourceProperties] is not eligible for getting processed by all BeanPostProcessors (for example: not eligible for auto-proxying)
2023-12-23 01:52:51.268 [main] INFO  o.s.c.s.PostProcessorRegistrationDelegate$BeanPostProcessorChecker - Bean 'com.baomidou.dynamic.datasource.spring.boot.autoconfigure.DynamicDataSourceAutoConfiguration' of type [com.baomidou.dynamic.datasource.spring.boot.autoconfigure.DynamicDataSourceAutoConfiguration$$EnhancerBySpringCGLIB$$48be1f59] is not eligible for getting processed by all BeanPostProcessors (for example: not eligible for auto-proxying)
2023-12-23 01:52:51.289 [main] INFO  o.s.c.s.PostProcessorRegistrationDelegate$BeanPostProcessorChecker - Bean 'dsProcessor' of type [com.baomidou.dynamic.datasource.processor.DsHeaderProcessor] is not eligible for getting processed by all BeanPostProcessors (for example: not eligible for auto-proxying)
2023-12-23 01:52:51.477 [main] INFO  com.zaxxer.hikari.HikariDataSource - master - Starting...
2023-12-23 01:52:52.424 [main] INFO  com.zaxxer.hikari.HikariDataSource - master - Start completed.
2023-12-23 01:52:52.425 [main] INFO  c.b.dynamic.datasource.DynamicRoutingDataSource - dynamic-datasource - add a datasource named [master] success
2023-12-23 01:52:52.425 [main] INFO  c.b.dynamic.datasource.DynamicRoutingDataSource - dynamic-datasource initial loaded [1] datasource,primary datasource named [master]
2023-12-23 01:53:03.967 [main] INFO  c.b.dynamic.datasource.DynamicRoutingDataSource - dynamic-datasource start closing ....
2023-12-23 01:53:03.968 [main] INFO  com.zaxxer.hikari.HikariDataSource - master - Shutdown initiated...
2023-12-23 01:53:04.645 [main] INFO  com.zaxxer.hikari.HikariDataSource - master - Shutdown completed.
2023-12-23 01:53:04.646 [main] INFO  c.b.dynamic.datasource.DynamicRoutingDataSource - dynamic-datasource all closed success,bye
2023-12-23 01:53:04.651 [main] INFO  o.s.b.a.l.ConditionEvaluationReportLoggingListener - 

Error starting ApplicationContext. To display the conditions report re-run your application with 'debug' enabled.
2023-12-23 01:53:30.555 [main] INFO  c.x.q.QuestionnaireServiceApplicationTests - Starting QuestionnaireServiceApplicationTests using Java 17.0.2 on DESKTOP-IB0CDUP with PID 32412 (started by 43542 in D:\project\questionnaire\questionnaire-service)
2023-12-23 01:53:30.556 [main] INFO  c.x.q.QuestionnaireServiceApplicationTests - The following 1 profile is active: "local"
2023-12-23 01:53:30.565 [background-preinit] INFO  org.hibernate.validator.internal.util.Version - HV000001: Hibernate Validator 6.2.3.Final
2023-12-23 01:53:31.184 [main] INFO  o.s.d.r.config.RepositoryConfigurationDelegate - Multiple Spring Data modules found, entering strict repository configuration mode!
2023-12-23 01:53:31.187 [main] INFO  o.s.d.r.config.RepositoryConfigurationDelegate - Bootstrapping Spring Data Redis repositories in DEFAULT mode.
2023-12-23 01:53:31.208 [main] INFO  o.s.d.r.config.RepositoryConfigurationDelegate - Finished Spring Data repository scanning in 11 ms. Found 0 Redis repository interfaces.
2023-12-23 01:53:31.614 [main] INFO  o.s.c.s.PostProcessorRegistrationDelegate$BeanPostProcessorChecker - Bean 'spring.datasource.dynamic-com.baomidou.dynamic.datasource.spring.boot.autoconfigure.DynamicDataSourceProperties' of type [com.baomidou.dynamic.datasource.spring.boot.autoconfigure.DynamicDataSourceProperties] is not eligible for getting processed by all BeanPostProcessors (for example: not eligible for auto-proxying)
2023-12-23 01:53:31.620 [main] INFO  o.s.c.s.PostProcessorRegistrationDelegate$BeanPostProcessorChecker - Bean 'com.baomidou.dynamic.datasource.spring.boot.autoconfigure.DynamicDataSourceAutoConfiguration' of type [com.baomidou.dynamic.datasource.spring.boot.autoconfigure.DynamicDataSourceAutoConfiguration$$EnhancerBySpringCGLIB$$23af6f7f] is not eligible for getting processed by all BeanPostProcessors (for example: not eligible for auto-proxying)
2023-12-23 01:53:31.641 [main] INFO  o.s.c.s.PostProcessorRegistrationDelegate$BeanPostProcessorChecker - Bean 'dsProcessor' of type [com.baomidou.dynamic.datasource.processor.DsHeaderProcessor] is not eligible for getting processed by all BeanPostProcessors (for example: not eligible for auto-proxying)
2023-12-23 01:53:31.848 [main] INFO  com.zaxxer.hikari.HikariDataSource - master - Starting...
2023-12-23 01:53:32.630 [main] INFO  com.zaxxer.hikari.HikariDataSource - master - Start completed.
2023-12-23 01:53:32.631 [main] INFO  c.b.dynamic.datasource.DynamicRoutingDataSource - dynamic-datasource - add a datasource named [master] success
2023-12-23 01:53:32.631 [main] INFO  c.b.dynamic.datasource.DynamicRoutingDataSource - dynamic-datasource initial loaded [1] datasource,primary datasource named [master]
2023-12-23 01:53:44.408 [main] INFO  c.b.dynamic.datasource.DynamicRoutingDataSource - dynamic-datasource start closing ....
2023-12-23 01:53:44.409 [main] INFO  com.zaxxer.hikari.HikariDataSource - master - Shutdown initiated...
2023-12-23 01:53:44.779 [main] INFO  com.zaxxer.hikari.HikariDataSource - master - Shutdown completed.
2023-12-23 01:53:44.779 [main] INFO  c.b.dynamic.datasource.DynamicRoutingDataSource - dynamic-datasource all closed success,bye
2023-12-23 01:53:44.785 [main] INFO  o.s.b.a.l.ConditionEvaluationReportLoggingListener - 

Error starting ApplicationContext. To display the conditions report re-run your application with 'debug' enabled.
2023-12-23 02:02:24.723 [main] INFO  c.x.q.QuestionnaireServiceApplicationTests - Starting QuestionnaireServiceApplicationTests using Java 17.0.2 on DESKTOP-IB0CDUP with PID 25372 (started by 43542 in D:\project\questionnaire\questionnaire-service)
2023-12-23 02:02:24.724 [main] INFO  c.x.q.QuestionnaireServiceApplicationTests - The following 1 profile is active: "local"
2023-12-23 02:02:24.731 [background-preinit] INFO  org.hibernate.validator.internal.util.Version - HV000001: Hibernate Validator 6.2.3.Final
2023-12-23 02:02:25.348 [main] INFO  o.s.d.r.config.RepositoryConfigurationDelegate - Multiple Spring Data modules found, entering strict repository configuration mode!
2023-12-23 02:02:25.351 [main] INFO  o.s.d.r.config.RepositoryConfigurationDelegate - Bootstrapping Spring Data Redis repositories in DEFAULT mode.
2023-12-23 02:02:25.370 [main] INFO  o.s.d.r.config.RepositoryConfigurationDelegate - Finished Spring Data repository scanning in 10 ms. Found 0 Redis repository interfaces.
2023-12-23 02:02:25.772 [main] INFO  o.s.c.s.PostProcessorRegistrationDelegate$BeanPostProcessorChecker - Bean 'spring.datasource.dynamic-com.baomidou.dynamic.datasource.spring.boot.autoconfigure.DynamicDataSourceProperties' of type [com.baomidou.dynamic.datasource.spring.boot.autoconfigure.DynamicDataSourceProperties] is not eligible for getting processed by all BeanPostProcessors (for example: not eligible for auto-proxying)
2023-12-23 02:02:25.777 [main] INFO  o.s.c.s.PostProcessorRegistrationDelegate$BeanPostProcessorChecker - Bean 'com.baomidou.dynamic.datasource.spring.boot.autoconfigure.DynamicDataSourceAutoConfiguration' of type [com.baomidou.dynamic.datasource.spring.boot.autoconfigure.DynamicDataSourceAutoConfiguration$$EnhancerBySpringCGLIB$$23af6f7f] is not eligible for getting processed by all BeanPostProcessors (for example: not eligible for auto-proxying)
2023-12-23 02:02:25.796 [main] INFO  o.s.c.s.PostProcessorRegistrationDelegate$BeanPostProcessorChecker - Bean 'dsProcessor' of type [com.baomidou.dynamic.datasource.processor.DsHeaderProcessor] is not eligible for getting processed by all BeanPostProcessors (for example: not eligible for auto-proxying)
2023-12-23 02:02:25.993 [main] INFO  com.zaxxer.hikari.HikariDataSource - master - Starting...
2023-12-23 02:02:26.966 [main] INFO  com.zaxxer.hikari.HikariDataSource - master - Start completed.
2023-12-23 02:02:26.967 [main] INFO  c.b.dynamic.datasource.DynamicRoutingDataSource - dynamic-datasource - add a datasource named [master] success
2023-12-23 02:02:26.967 [main] INFO  c.b.dynamic.datasource.DynamicRoutingDataSource - dynamic-datasource initial loaded [1] datasource,primary datasource named [master]
2023-12-23 02:02:38.581 [main] INFO  c.b.dynamic.datasource.DynamicRoutingDataSource - dynamic-datasource start closing ....
2023-12-23 02:02:38.582 [main] INFO  com.zaxxer.hikari.HikariDataSource - master - Shutdown initiated...
2023-12-23 02:02:38.939 [main] INFO  com.zaxxer.hikari.HikariDataSource - master - Shutdown completed.
2023-12-23 02:02:38.939 [main] INFO  c.b.dynamic.datasource.DynamicRoutingDataSource - dynamic-datasource all closed success,bye
2023-12-23 02:02:38.947 [main] INFO  o.s.b.a.l.ConditionEvaluationReportLoggingListener - 

Error starting ApplicationContext. To display the conditions report re-run your application with 'debug' enabled.
2023-12-23 02:02:57.378 [main] INFO  c.x.q.QuestionnaireServiceApplicationTests - Starting QuestionnaireServiceApplicationTests using Java 17.0.2 on DESKTOP-IB0CDUP with PID 3492 (started by 43542 in D:\project\questionnaire\questionnaire-service)
2023-12-23 02:02:57.380 [main] INFO  c.x.q.QuestionnaireServiceApplicationTests - The following 1 profile is active: "local"
2023-12-23 02:02:57.384 [background-preinit] INFO  org.hibernate.validator.internal.util.Version - HV000001: Hibernate Validator 6.2.3.Final
2023-12-23 02:02:58.109 [main] INFO  o.s.d.r.config.RepositoryConfigurationDelegate - Multiple Spring Data modules found, entering strict repository configuration mode!
2023-12-23 02:02:58.111 [main] INFO  o.s.d.r.config.RepositoryConfigurationDelegate - Bootstrapping Spring Data Redis repositories in DEFAULT mode.
2023-12-23 02:02:58.129 [main] INFO  o.s.d.r.config.RepositoryConfigurationDelegate - Finished Spring Data repository scanning in 9 ms. Found 0 Redis repository interfaces.
2023-12-23 02:02:58.542 [main] INFO  o.s.c.s.PostProcessorRegistrationDelegate$BeanPostProcessorChecker - Bean 'spring.datasource.dynamic-com.baomidou.dynamic.datasource.spring.boot.autoconfigure.DynamicDataSourceProperties' of type [com.baomidou.dynamic.datasource.spring.boot.autoconfigure.DynamicDataSourceProperties] is not eligible for getting processed by all BeanPostProcessors (for example: not eligible for auto-proxying)
2023-12-23 02:02:58.551 [main] INFO  o.s.c.s.PostProcessorRegistrationDelegate$BeanPostProcessorChecker - Bean 'com.baomidou.dynamic.datasource.spring.boot.autoconfigure.DynamicDataSourceAutoConfiguration' of type [com.baomidou.dynamic.datasource.spring.boot.autoconfigure.DynamicDataSourceAutoConfiguration$$EnhancerBySpringCGLIB$$5c68c30d] is not eligible for getting processed by all BeanPostProcessors (for example: not eligible for auto-proxying)
2023-12-23 02:02:58.578 [main] INFO  o.s.c.s.PostProcessorRegistrationDelegate$BeanPostProcessorChecker - Bean 'dsProcessor' of type [com.baomidou.dynamic.datasource.processor.DsHeaderProcessor] is not eligible for getting processed by all BeanPostProcessors (for example: not eligible for auto-proxying)
2023-12-23 02:02:58.803 [main] INFO  com.zaxxer.hikari.HikariDataSource - master - Starting...
2023-12-23 02:02:59.710 [main] INFO  com.zaxxer.hikari.HikariDataSource - master - Start completed.
2023-12-23 02:02:59.711 [main] INFO  c.b.dynamic.datasource.DynamicRoutingDataSource - dynamic-datasource - add a datasource named [master] success
2023-12-23 02:02:59.712 [main] INFO  c.b.dynamic.datasource.DynamicRoutingDataSource - dynamic-datasource initial loaded [1] datasource,primary datasource named [master]
2023-12-23 02:03:01.171 [background-preinit] INFO  org.hibernate.validator.internal.util.Version - HV000001: Hibernate Validator 6.2.3.Final
2023-12-23 02:03:01.176 [main] INFO  c.x.questionnaire.QuestionnaireServiceApplication - Starting QuestionnaireServiceApplication using Java 17.0.2 on DESKTOP-IB0CDUP with PID 16932 (D:\project\questionnaire\questionnaire-service\target\classes started by 43542 in D:\project\questionnaire\questionnaire-service)
2023-12-23 02:03:01.177 [main] INFO  c.x.questionnaire.QuestionnaireServiceApplication - The following 1 profile is active: "local"
2023-12-23 02:03:01.739 [main] INFO  o.s.d.r.config.RepositoryConfigurationDelegate - Multiple Spring Data modules found, entering strict repository configuration mode!
2023-12-23 02:03:01.741 [main] INFO  o.s.d.r.config.RepositoryConfigurationDelegate - Bootstrapping Spring Data Redis repositories in DEFAULT mode.
2023-12-23 02:03:01.765 [main] INFO  o.s.d.r.config.RepositoryConfigurationDelegate - Finished Spring Data repository scanning in 12 ms. Found 0 Redis repository interfaces.
2023-12-23 02:03:02.063 [main] INFO  o.s.c.s.PostProcessorRegistrationDelegate$BeanPostProcessorChecker - Bean 'spring.datasource.dynamic-com.baomidou.dynamic.datasource.spring.boot.autoconfigure.DynamicDataSourceProperties' of type [com.baomidou.dynamic.datasource.spring.boot.autoconfigure.DynamicDataSourceProperties] is not eligible for getting processed by all BeanPostProcessors (for example: not eligible for auto-proxying)
2023-12-23 02:03:02.064 [main] INFO  o.s.c.s.PostProcessorRegistrationDelegate$BeanPostProcessorChecker - Bean 'com.baomidou.dynamic.datasource.spring.boot.autoconfigure.DynamicDataSourceAutoConfiguration' of type [com.baomidou.dynamic.datasource.spring.boot.autoconfigure.DynamicDataSourceAutoConfiguration$$EnhancerBySpringCGLIB$$cf129cf9] is not eligible for getting processed by all BeanPostProcessors (for example: not eligible for auto-proxying)
2023-12-23 02:03:02.072 [main] INFO  o.s.c.s.PostProcessorRegistrationDelegate$BeanPostProcessorChecker - Bean 'dsProcessor' of type [com.baomidou.dynamic.datasource.processor.DsHeaderProcessor] is not eligible for getting processed by all BeanPostProcessors (for example: not eligible for auto-proxying)
2023-12-23 02:03:02.220 [main] INFO  o.s.boot.web.embedded.tomcat.TomcatWebServer - Tomcat initialized with port(s): 8090 (http)
2023-12-23 02:03:02.225 [main] INFO  org.apache.coyote.http11.Http11NioProtocol - Initializing ProtocolHandler ["http-nio-8090"]
2023-12-23 02:03:02.225 [main] INFO  org.apache.catalina.core.StandardService - Starting service [Tomcat]
2023-12-23 02:03:02.225 [main] INFO  org.apache.catalina.core.StandardEngine - Starting Servlet engine: [Apache Tomcat/9.0.62]
2023-12-23 02:03:02.301 [main] INFO  o.a.c.c.C.[Tomcat].[localhost].[/service] - Initializing Spring embedded WebApplicationContext
2023-12-23 02:03:02.301 [main] INFO  o.s.b.w.s.c.ServletWebServerApplicationContext - Root WebApplicationContext: initialization completed in 1077 ms
2023-12-23 02:03:02.395 [main] INFO  com.zaxxer.hikari.HikariDataSource - master - Starting...
2023-12-23 02:03:02.969 [main] INFO  com.zaxxer.hikari.HikariDataSource - master - Start completed.
2023-12-23 02:03:02.971 [main] INFO  c.b.dynamic.datasource.DynamicRoutingDataSource - dynamic-datasource - add a datasource named [master] success
2023-12-23 02:03:02.971 [main] INFO  c.b.dynamic.datasource.DynamicRoutingDataSource - dynamic-datasource initial loaded [1] datasource,primary datasource named [master]
2023-12-23 02:03:11.786 [main] INFO  c.b.dynamic.datasource.DynamicRoutingDataSource - dynamic-datasource start closing ....
2023-12-23 02:03:11.787 [main] INFO  com.zaxxer.hikari.HikariDataSource - master - Shutdown initiated...
2023-12-23 02:03:12.144 [main] INFO  com.zaxxer.hikari.HikariDataSource - master - Shutdown completed.
2023-12-23 02:03:12.144 [main] INFO  c.b.dynamic.datasource.DynamicRoutingDataSource - dynamic-datasource all closed success,bye
2023-12-23 02:03:12.152 [main] INFO  o.s.b.a.l.ConditionEvaluationReportLoggingListener - 

Error starting ApplicationContext. To display the conditions report re-run your application with 'debug' enabled.
2023-12-23 02:03:13.838 [main] INFO  c.b.dynamic.datasource.DynamicRoutingDataSource - dynamic-datasource start closing ....
2023-12-23 02:03:13.839 [main] INFO  com.zaxxer.hikari.HikariDataSource - master - Shutdown initiated...
2023-12-23 02:03:14.210 [main] INFO  com.zaxxer.hikari.HikariDataSource - master - Shutdown completed.
2023-12-23 02:03:14.210 [main] INFO  c.b.dynamic.datasource.DynamicRoutingDataSource - dynamic-datasource all closed success,bye
2023-12-23 02:03:14.212 [main] INFO  org.apache.catalina.core.StandardService - Stopping service [Tomcat]
2023-12-23 02:03:14.217 [main] INFO  o.s.b.a.l.ConditionEvaluationReportLoggingListener - 

Error starting ApplicationContext. To display the conditions report re-run your application with 'debug' enabled.
2023-12-23 02:08:31.387 [main] INFO  c.x.q.QuestionnaireServiceApplicationTests - Starting QuestionnaireServiceApplicationTests using Java 17.0.2 on DESKTOP-IB0CDUP with PID 25216 (started by 43542 in D:\project\questionnaire\questionnaire-service)
2023-12-23 02:08:31.388 [main] INFO  c.x.q.QuestionnaireServiceApplicationTests - The following 1 profile is active: "local"
2023-12-23 02:08:31.394 [background-preinit] INFO  org.hibernate.validator.internal.util.Version - HV000001: Hibernate Validator 6.2.3.Final
2023-12-23 02:08:32.024 [main] INFO  o.s.d.r.config.RepositoryConfigurationDelegate - Multiple Spring Data modules found, entering strict repository configuration mode!
2023-12-23 02:08:32.026 [main] INFO  o.s.d.r.config.RepositoryConfigurationDelegate - Bootstrapping Spring Data Redis repositories in DEFAULT mode.
2023-12-23 02:08:32.050 [main] INFO  o.s.d.r.config.RepositoryConfigurationDelegate - Finished Spring Data repository scanning in 12 ms. Found 0 Redis repository interfaces.
2023-12-23 02:08:32.434 [main] INFO  o.s.c.s.PostProcessorRegistrationDelegate$BeanPostProcessorChecker - Bean 'spring.datasource.dynamic-com.baomidou.dynamic.datasource.spring.boot.autoconfigure.DynamicDataSourceProperties' of type [com.baomidou.dynamic.datasource.spring.boot.autoconfigure.DynamicDataSourceProperties] is not eligible for getting processed by all BeanPostProcessors (for example: not eligible for auto-proxying)
2023-12-23 02:08:32.439 [main] INFO  o.s.c.s.PostProcessorRegistrationDelegate$BeanPostProcessorChecker - Bean 'com.baomidou.dynamic.datasource.spring.boot.autoconfigure.DynamicDataSourceAutoConfiguration' of type [com.baomidou.dynamic.datasource.spring.boot.autoconfigure.DynamicDataSourceAutoConfiguration$$EnhancerBySpringCGLIB$$eb08263] is not eligible for getting processed by all BeanPostProcessors (for example: not eligible for auto-proxying)
2023-12-23 02:08:32.459 [main] INFO  o.s.c.s.PostProcessorRegistrationDelegate$BeanPostProcessorChecker - Bean 'dsProcessor' of type [com.baomidou.dynamic.datasource.processor.DsHeaderProcessor] is not eligible for getting processed by all BeanPostProcessors (for example: not eligible for auto-proxying)
2023-12-23 02:08:32.635 [main] INFO  com.zaxxer.hikari.HikariDataSource - master - Starting...
2023-12-23 02:08:33.445 [main] INFO  com.zaxxer.hikari.HikariDataSource - master - Start completed.
2023-12-23 02:08:33.446 [main] INFO  c.b.dynamic.datasource.DynamicRoutingDataSource - dynamic-datasource - add a datasource named [master] success
2023-12-23 02:08:33.446 [main] INFO  c.b.dynamic.datasource.DynamicRoutingDataSource - dynamic-datasource initial loaded [1] datasource,primary datasource named [master]
2023-12-23 02:08:36.453 [main] INFO  c.x.q.QuestionnaireServiceApplicationTests - Started QuestionnaireServiceApplicationTests in 5.398 seconds (JVM running for 6.112)
2023-12-23 02:08:37.053 [SpringApplicationShutdownHook] INFO  c.b.dynamic.datasource.DynamicRoutingDataSource - dynamic-datasource start closing ....
2023-12-23 02:08:37.054 [SpringApplicationShutdownHook] INFO  com.zaxxer.hikari.HikariDataSource - master - Shutdown initiated...
2023-12-23 02:08:37.423 [SpringApplicationShutdownHook] INFO  com.zaxxer.hikari.HikariDataSource - master - Shutdown completed.
2023-12-23 02:08:37.423 [SpringApplicationShutdownHook] INFO  c.b.dynamic.datasource.DynamicRoutingDataSource - dynamic-datasource all closed success,bye
